[0.011s] Invoking command in '/home/adam/tongji/sp_vision_25/build/sp_vision': /usr/bin/cmake /home/adam/tongji/sp_vision_25 -DCMAKE_INSTALL_PREFIX=/home/adam/tongji/sp_vision_25/install/sp_vision
[0.267s] -- The C compiler identification is GNU 11.4.0
[0.387s] -- The CXX compiler identification is GNU 11.4.0
[0.453s] -- Detecting C compiler ABI info
[0.844s] -- Detecting C compiler ABI info - done
[0.860s] -- Check for working C compiler: /usr/bin/cc - skipped
[0.860s] -- Detecting C compile features
[0.862s] -- Detecting C compile features - done
[0.863s] -- Detecting CXX compiler ABI info
[1.048s] -- Detecting CXX compiler ABI info - done
[1.053s] -- Check for working CXX compiler: /usr/bin/c++ - skipped
[1.057s] -- Detecting CXX compile features
[1.063s] -- Detecting CXX compile features - done
[1.064s] -- --------------------CMAKE_BUILD_TYPE: Release--------------------
[1.072s] -- Found OpenCV: /usr (found version "4.5.4") 
[1.101s] -- Looking for pthread.h
[1.225s] -- Looking for pthread.h - found
[1.226s] -- Performing Test CMAKE_HAVE_LIBC_PTHREAD
[1.579s] -- Performing Test CMAKE_HAVE_LIBC_PTHREAD - Success
[1.579s] -- Found Threads: TRUE  
[1.583s] -- Found nlohmann_json: /usr/lib/cmake/nlohmann_json/nlohmann_jsonConfig.cmake (found version "3.10.5") 
[1.849s] -- Found Python3: /usr/bin/python3 (found version "3.10.12") found components: Interpreter 
[2.071s] -- Found rosidl_generator_c: 3.1.7 (/opt/ros/humble/share/rosidl_generator_c/cmake)
[2.098s] -- Found rosidl_adapter: 3.1.7 (/opt/ros/humble/share/rosidl_adapter/cmake)
[2.100s] -- Found rosidl_generator_cpp: 3.1.7 (/opt/ros/humble/share/rosidl_generator_cpp/cmake)
[2.109s] -- Using all available rosidl_typesupport_c: rosidl_typesupport_fastrtps_c;rosidl_typesupport_introspection_c
[2.111s] -- Using all available rosidl_typesupport_cpp: rosidl_typesupport_fastrtps_cpp;rosidl_typesupport_introspection_cpp
[2.196s] -- Found rmw_implementation_cmake: 6.1.2 (/opt/ros/humble/share/rmw_implementation_cmake/cmake)
[2.197s] -- Found rmw_fastrtps_cpp: 6.2.9 (/opt/ros/humble/share/rmw_fastrtps_cpp/cmake)
[2.446s] -- Found OpenSSL: /usr/lib/x86_64-linux-gnu/libcrypto.so (found version "3.0.2")  
[2.504s] -- Found FastRTPS: /opt/ros/humble/include  
[2.578s] -- Using RMW implementation 'rmw_fastrtps_cpp' as default
[2.638s] [33mCMake Warning at io/CMakeLists.txt:49 (message):
[2.638s]   ROS2 not found, skipping ROS2 specific code.
[2.639s] 
[2.639s] [0m
[2.661s] -- Found CXSparse: /usr/include/suitesparse (found suitable version "3.2.0", minimum required is "3.2.0") 
[3.464s] -- Found AMD headers in: /usr/include/suitesparse
[3.469s] -- Found AMD library: /usr/lib/x86_64-linux-gnu/libamd.so
[3.474s] -- Found CAMD headers in: /usr/include/suitesparse
[3.478s] -- Found CAMD library: /usr/lib/x86_64-linux-gnu/libcamd.so
[3.480s] -- Found CCOLAMD headers in: /usr/include/suitesparse
[3.484s] -- Found CCOLAMD library: /usr/lib/x86_64-linux-gnu/libccolamd.so
[3.488s] -- Found CHOLMOD headers in: /usr/include/suitesparse
[3.491s] -- Found CHOLMOD library: /usr/lib/x86_64-linux-gnu/libcholmod.so
[3.493s] -- Found COLAMD headers in: /usr/include/suitesparse
[3.502s] -- Found COLAMD library: /usr/lib/x86_64-linux-gnu/libcolamd.so
[3.503s] -- Found SPQR headers in: /usr/include/suitesparse
[3.507s] -- Found SPQR library: /usr/lib/x86_64-linux-gnu/libspqr.so
[3.510s] -- Found Config headers in: /usr/include/suitesparse
[3.513s] -- Found Config library: /usr/lib/x86_64-linux-gnu/libsuitesparseconfig.so
[3.518s] -- Found Intel Thread Building Blocks (TBB) library (2021.13 / ) include location: . Assuming SuiteSparseQR was compiled with TBB.
[3.519s] -- Looking for shm_open in rt
[3.770s] -- Looking for shm_open in rt - found
[3.770s] -- Adding librt to SuiteSparse_config libraries (required on Linux & Unix [not OSX] if SuiteSparse is compiled with timing).
[3.794s] -- Could NOT find METIS (missing: METIS_INCLUDE_DIR METIS_LIBRARY) 
[3.794s] -- Found SuiteSparse: /usr/include/suitesparse (found suitable version "5.10.1", minimum required is "5.10.1") found components: AMD CAMD CCOLAMD CHOLMOD COLAMD SPQR Config 
[3.794s] -- Found required Ceres dependency: Eigen version 3.4.0 in /usr/share/eigen3/cmake
[3.794s] -- Found required Ceres dependency: glog
[3.794s] -- Found required Ceres dependency: gflags
[3.797s] -- Found Ceres version: 2.1.0 installed in: /usr/local with components: [EigenSparse, SparseLinearAlgebraLibrary, LAPACK, SuiteSparse, CXSparse, SchurSpecializations, Multithreading]
[4.124s] -- Found rosidl_generator_c: 3.1.7 (/opt/ros/humble/share/rosidl_generator_c/cmake)
[4.124s] -- Found rosidl_adapter: 3.1.7 (/opt/ros/humble/share/rosidl_adapter/cmake)
[4.127s] -- Found rosidl_generator_cpp: 3.1.7 (/opt/ros/humble/share/rosidl_generator_cpp/cmake)
[4.136s] -- Using all available rosidl_typesupport_c: rosidl_typesupport_fastrtps_c;rosidl_typesupport_introspection_c
[4.143s] -- Using all available rosidl_typesupport_cpp: rosidl_typesupport_fastrtps_cpp;rosidl_typesupport_introspection_cpp
[4.173s] -- Found rmw_implementation_cmake: 6.1.2 (/opt/ros/humble/share/rmw_implementation_cmake/cmake)
[4.175s] -- Found rmw_fastrtps_cpp: 6.2.9 (/opt/ros/humble/share/rmw_fastrtps_cpp/cmake)
[4.267s] -- Using RMW implementation 'rmw_fastrtps_cpp' as default
[4.327s] -- ROS2 environment not found, skipping ROS2-related code.
[4.327s] -- Configuring done
[4.494s] -- Generating done
[4.530s] -- Build files have been written to: /home/adam/tongji/sp_vision_25/build/sp_vision
[4.585s] Invoked command in '/home/adam/tongji/sp_vision_25/build/sp_vision' returned '0': /usr/bin/cmake /home/adam/tongji/sp_vision_25 -DCMAKE_INSTALL_PREFIX=/home/adam/tongji/sp_vision_25/install/sp_vision
[4.688s] Invoking command in '/home/adam/tongji/sp_vision_25/build/sp_vision': /usr/bin/cmake --build /home/adam/tongji/sp_vision_25/build/sp_vision -- -j4 -l4
[4.862s] [  1%] [32mBuilding CXX object tasks/auto_aim/planner/tinympc/CMakeFiles/tinympcstatic.dir/admm.cpp.o[0m
[6.510s] [01m[K/home/adam/tongji/sp_vision_25/tasks/auto_aim/planner/tinympc/admm.cpp:[m[K In function ‘[01m[KtinyVector project_soc(tinyVector, float)[m[K’:
[6.518s] [01m[K/home/adam/tongji/sp_vision_25/tasks/auto_aim/planner/tinympc/admm.cpp:40:42:[m[K [01;35m[Kwarning: [m[K‘[01m[KEigen::placeholders::last[m[K’ is deprecated [[01;35m[K]8;;https://gcc.gnu.org/onlinedocs/gcc/Warning-Options.html#index-Wdeprecated-declarations-Wdeprecated-declarations]8;;[m[K]
[6.518s]    40 |     tinytype u0 = s(Eigen::placeholders::[01;35m[Klast[m[K) * mu;
[6.523s]       |                                          [01;35m[K^~~~[m[K
[6.523s] In file included from [01m[K/usr/include/eigen3/Eigen/Core:265[m[K,
[6.523s]                  from [01m[K/usr/include/eigen3/Eigen/Dense:1[m[K,
[6.523s]                  from [01m[K/usr/include/eigen3/Eigen/Eigen:1[m[K,
[6.523s]                  from [01m[K/home/adam/tongji/sp_vision_25/tasks/auto_aim/planner/tinympc/types.hpp:3[m[K,
[6.523s]                  from [01m[K/home/adam/tongji/sp_vision_25/tasks/auto_aim/planner/tinympc/admm.hpp:3[m[K,
[6.523s]                  from [01m[K/home/adam/tongji/sp_vision_25/tasks/auto_aim/planner/tinympc/admm.cpp:3[m[K:
[6.523s] [01m[K/usr/include/eigen3/Eigen/src/Core/util/IndexedViewHelper.h:180:40:[m[K [01;36m[Knote: [m[Kdeclared here
[6.523s]   180 |   EIGEN_DEPRECATED static const last_t [01;36m[Klast[m[K = Eigen::last;   // PLEASE use Eigen::last   instead of Eigen::placeholders::last
[6.523s]       |                                        [01;36m[K^~~~[m[K
[9.073s] [  2%] [32mBuilding CXX object tasks/auto_aim/planner/tinympc/CMakeFiles/tinympcstatic.dir/tiny_api.cpp.o[0m
[18.067s] [  2%] [32mBuilding CXX object tasks/auto_aim/planner/tinympc/CMakeFiles/tinympcstatic.dir/codegen.cpp.o[0m
[19.414s] [  3%] [32mBuilding CXX object tasks/auto_aim/planner/tinympc/CMakeFiles/tinympcstatic.dir/rho_benchmark.cpp.o[0m
[22.946s] [  4%] [32m[1mLinking CXX static library libtinympcstatic.a[0m
[22.987s] [  4%] Built target tinympcstatic
[23.006s] [  5%] [32mBuilding CXX object tasks/omniperception/CMakeFiles/omniperception.dir/decider.cpp.o[0m
[32.246s] [  6%] [32mBuilding CXX object tasks/omniperception/CMakeFiles/omniperception.dir/perceptron.cpp.o[0m
[40.247s] [  6%] Built target omniperception
[40.267s] [  7%] [32mBuilding CXX object tools/CMakeFiles/tools.dir/exiter.cpp.o[0m
[40.435s] [  8%] [32mBuilding CXX object tools/CMakeFiles/tools.dir/ransac_sine_fitter.cpp.o[0m
[61.766s] [  9%] [32mBuilding CXX object tools/CMakeFiles/tools.dir/img_tools.cpp.o[0m
[63.445s] [  9%] [32mBuilding CXX object tools/CMakeFiles/tools.dir/math_tools.cpp.o[0m
[65.124s] [ 10%] [32mBuilding CXX object tools/CMakeFiles/tools.dir/plotter.cpp.o[0m
[67.727s] [ 11%] [32mBuilding CXX object tools/CMakeFiles/tools.dir/trajectory.cpp.o[0m
[67.948s] [ 12%] [32mBuilding CXX object tools/CMakeFiles/tools.dir/recorder.cpp.o[0m
[76.696s] [ 13%] [32mBuilding CXX object tools/CMakeFiles/tools.dir/logger.cpp.o[0m
[82.450s] [ 14%] [32mBuilding CXX object tools/CMakeFiles/tools.dir/pid.cpp.o[0m
[83.226s] [ 15%] [32mBuilding CXX object tools/CMakeFiles/tools.dir/crc.cpp.o[0m
[83.268s] [ 16%] [32mBuilding CXX object tools/CMakeFiles/tools.dir/extended_kalman_filter.cpp.o[0m
[91.232s] [ 16%] Built target tools
[91.313s] [ 17%] [32mBuilding CXX object io/serial/CMakeFiles/serial.dir/src/serial.cc.o[0m
[91.823s] [ 18%] [32mBuilding CXX object io/serial/CMakeFiles/serial.dir/src/impl/unix.cc.o[0m
[92.512s] [ 19%] [32mBuilding CXX object io/serial/CMakeFiles/serial.dir/src/impl/list_ports/list_ports_linux.cc.o[0m
[93.139s] [ 20%] [32m[1mLinking CXX static library libserial.a[0m
[93.239s] [ 20%] Built target serial
[93.275s] [ 20%] [32mBuilding CXX object CMakeFiles/calibrate_robotworld_handeye.dir/calibration/calibrate_robotworld_handeye.cpp.o[0m
[96.974s] [ 21%] [32m[1mLinking CXX executable calibrate_robotworld_handeye[0m
[97.364s] [ 21%] Built target calibrate_robotworld_handeye
[97.407s] [ 22%] [32mBuilding CXX object CMakeFiles/split_video.dir/calibration/split_video.cpp.o[0m
[103.946s] [ 22%] [32m[1mLinking CXX executable split_video[0m
[104.337s] [ 22%] Built target split_video
[104.422s] [ 23%] [32mBuilding CXX object io/CMakeFiles/io.dir/hikrobot/hikrobot.cpp.o[0m
[114.981s] [ 24%] [32mBuilding CXX object io/CMakeFiles/io.dir/mindvision/mindvision.cpp.o[0m
[121.259s] [ 25%] [32mBuilding CXX object io/CMakeFiles/io.dir/usbcamera/usbcamera.cpp.o[0m
[127.817s] [ 26%] [32mBuilding CXX object io/CMakeFiles/io.dir/camera.cpp.o[0m
[135.242s] [ 27%] [32mBuilding CXX object io/CMakeFiles/io.dir/cboard.cpp.o[0m
[141.620s] [ 27%] [32mBuilding CXX object io/CMakeFiles/io.dir/dm_imu/dm_imu.cpp.o[0m
[147.595s] [ 28%] [32mBuilding CXX object io/CMakeFiles/io.dir/gimbal/gimbal.cpp.o[0m
[154.005s] [ 29%] [32m[1mLinking CXX static library libio.a[0m
[154.181s] [ 29%] Built target io
[154.267s] [ 30%] [32mBuilding CXX object CMakeFiles/calibrate_handeye.dir/calibration/calibrate_handeye.cpp.o[0m
[158.097s] [ 31%] [32m[1mLinking CXX executable calibrate_handeye[0m
[158.488s] [ 31%] Built target calibrate_handeye
[158.551s] [ 32%] [32mBuilding CXX object CMakeFiles/capture.dir/calibration/capture.cpp.o[0m
[165.224s] [ 33%] [32m[1mLinking CXX executable capture[0m
[165.636s] [ 33%] Built target capture
[165.654s] [ 34%] [32mBuilding CXX object CMakeFiles/camera_test.dir/tests/camera_test.cpp.o[0m
[172.310s] [ 35%] [32m[1mLinking CXX executable camera_test[0m
[172.735s] [ 35%] Built target camera_test
[172.761s] [ 36%] [32mBuilding CXX object CMakeFiles/cboard_test.dir/tests/cboard_test.cpp.o[0m
[179.138s] [ 37%] [32m[1mLinking CXX executable cboard_test[0m
[179.478s] [ 37%] Built target cboard_test
[179.496s] [ 38%] [32mBuilding CXX object CMakeFiles/fire_test.dir/tests/fire_test.cpp.o[0m
[186.409s] [ 39%] [32m[1mLinking CXX executable fire_test[0m
[186.820s] [ 39%] Built target fire_test
[186.856s] [ 40%] [32mBuilding CXX object CMakeFiles/gimbal_response_test.dir/tests/gimbal_response_test.cpp.o[0m
[193.917s] [ 41%] [32m[1mLinking CXX executable gimbal_response_test[0m
[194.289s] [ 41%] Built target gimbal_response_test
[194.354s] [ 42%] [32mBuilding CXX object CMakeFiles/multi_usbcamera_test.dir/tests/multi_usbcamera_test.cpp.o[0m
[200.663s] [ 43%] [32m[1mLinking CXX executable multi_usbcamera_test[0m
[201.087s] [ 43%] Built target multi_usbcamera_test
[201.113s] [ 44%] [32mBuilding CXX object CMakeFiles/usbcamera_test.dir/tests/usbcamera_test.cpp.o[0m
[207.444s] [ 45%] [32m[1mLinking CXX executable usbcamera_test[0m
[207.834s] [ 45%] Built target usbcamera_test
[207.887s] [ 45%] [32mBuilding CXX object CMakeFiles/dm_test.dir/tests/dm_test.cpp.o[0m
[213.060s] [ 46%] [32m[1mLinking CXX executable dm_test[0m
[213.422s] [ 46%] Built target dm_test
[213.433s] [ 46%] [32mBuilding CXX object tasks/auto_aim/CMakeFiles/auto_aim.dir/armor.cpp.o[0m
[215.552s] [ 47%] [32mBuilding CXX object tasks/auto_aim/CMakeFiles/auto_aim.dir/detector.cpp.o[0m
[224.714s] [ 48%] [32mBuilding CXX object tasks/auto_aim/CMakeFiles/auto_aim.dir/solver.cpp.o[0m
[233.609s] [ 49%] [32mBuilding CXX object tasks/auto_aim/CMakeFiles/auto_aim.dir/aimer.cpp.o[0m
[247.514s] [ 50%] [32mBuilding CXX object tasks/auto_aim/CMakeFiles/auto_aim.dir/target.cpp.o[0m
[325.276s] [ 51%] [32mBuilding CXX object tasks/auto_aim/CMakeFiles/auto_aim.dir/tracker.cpp.o[0m
[335.119s] [ 51%] [32mBuilding CXX object tasks/auto_aim/CMakeFiles/auto_aim.dir/voter.cpp.o[0m
[336.855s] [ 52%] [32mBuilding CXX object tasks/auto_aim/CMakeFiles/auto_aim.dir/shooter.cpp.o[0m
[343.774s] [ 53%] [32mBuilding CXX object tasks/auto_aim/CMakeFiles/auto_aim.dir/yolo.cpp.o[0m
[352.817s] [ 54%] [32mBuilding CXX object tasks/auto_aim/CMakeFiles/auto_aim.dir/yolos/yolov5.cpp.o[0m
[438.856s] [ 55%] [32mBuilding CXX object tasks/auto_aim/CMakeFiles/auto_aim.dir/yolos/yolov8.cpp.o[0m
[448.828s] [ 56%] [32mBuilding CXX object tasks/auto_aim/CMakeFiles/auto_aim.dir/yolos/yolo11.cpp.o[0m
[458.100s] [ 57%] [32mBuilding CXX object tasks/auto_aim/CMakeFiles/auto_aim.dir/multithread/commandgener.cpp.o[0m
[466.173s] [ 57%] [32mBuilding CXX object tasks/auto_aim/CMakeFiles/auto_aim.dir/multithread/mt_detector.cpp.o[0m
[474.303s] [ 58%] [32mBuilding CXX object tasks/auto_aim/CMakeFiles/auto_aim.dir/planner/planner.cpp.o[0m
[482.256s] [ 59%] [32mBuilding CXX object tasks/auto_aim/CMakeFiles/auto_aim.dir/classifier.cpp.o[0m
[485.825s] [ 59%] Built target auto_aim
[485.910s] [ 60%] [32mBuilding CXX object CMakeFiles/calibrate_camera.dir/calibration/calibrate_camera.cpp.o[0m
[488.556s] [ 61%] [32m[1mLinking CXX executable calibrate_camera[0m
[488.926s] [ 61%] Built target calibrate_camera
[488.945s] [ 62%] [32mBuilding CXX object CMakeFiles/auto_aim_test.dir/tests/auto_aim_test.cpp.o[0m
[497.757s] [ 63%] [32m[1mLinking CXX executable auto_aim_test[0m
[498.366s] [ 63%] Built target auto_aim_test
[498.391s] [ 64%] [32mBuilding CXX object CMakeFiles/camera_detect_test.dir/tests/camera_detect_test.cpp.o[0m
[505.507s] [ 65%] [32m[1mLinking CXX executable camera_detect_test[0m
[506.178s] [ 65%] Built target camera_detect_test
[506.245s] [ 66%] [32mBuilding CXX object CMakeFiles/camera_thread_test.dir/tests/camera_thread_test.cpp.o[0m
[514.392s] [ 66%] [32m[1mLinking CXX executable camera_thread_test[0m
[518.497s] [ 66%] Built target camera_thread_test
[518.615s] [ 67%] [32mBuilding CXX object CMakeFiles/detector_video_test.dir/tests/detector_video_test.cpp.o[0m
[552.010s] [ 68%] [32m[1mLinking CXX executable detector_video_test[0m
[552.608s] [ 68%] Built target detector_video_test
[552.635s] [ 69%] [32mBuilding CXX object CMakeFiles/usbcamera_detect_test.dir/tests/usbcamera_detect_test.cpp.o[0m
[559.288s] [ 70%] [32m[1mLinking CXX executable usbcamera_detect_test[0m
[559.874s] [ 70%] Built target usbcamera_detect_test
[559.981s] [ 70%] [32mBuilding CXX object CMakeFiles/handeye_test.dir/tests/handeye_test.cpp.o[0m
[567.727s] [ 71%] [32m[1mLinking CXX executable handeye_test[0m
[569.765s] [ 71%] Built target handeye_test
[569.822s] [ 72%] [32mBuilding CXX object CMakeFiles/minimum_vision_system.dir/tests/minimum_vision_system.cpp.o[0m
[579.476s] [ 73%] [32m[1mLinking CXX executable minimum_vision_system[0m
[580.086s] [ 73%] Built target minimum_vision_system
[580.101s] [ 74%] [32mBuilding CXX object CMakeFiles/gimbal_test.dir/tests/gimbal_test.cpp.o[0m
[587.163s] [ 75%] [32m[1mLinking CXX executable gimbal_test[0m
[587.785s] [ 75%] Built target gimbal_test
[587.853s] [ 76%] [32mBuilding CXX object CMakeFiles/planner_test.dir/tests/planner_test.cpp.o[0m
[595.208s] [ 76%] [32m[1mLinking CXX executable planner_test[0m
[595.773s] [ 76%] Built target planner_test
[595.784s] [ 77%] [32mBuilding CXX object CMakeFiles/planner_test_offline.dir/tests/planner_test_offline.cpp.o[0m
[603.176s] [ 78%] [32m[1mLinking CXX executable planner_test_offline[0m
[607.020s] [ 78%] Built target planner_test_offline
[607.083s] [ 79%] [32mBuilding CXX object CMakeFiles/uav_debug.dir/src/uav_debug.cpp.o[0m
[616.712s] [ 80%] [32m[1mLinking CXX executable uav_debug[0m
[617.376s] [ 80%] Built target uav_debug
[617.402s] [ 81%] [32mBuilding CXX object tasks/auto_buff/CMakeFiles/auto_buff.dir/buff_type.cpp.o[0m
[624.337s] [ 82%] [32mBuilding CXX object tasks/auto_buff/CMakeFiles/auto_buff.dir/buff_aimer.cpp.o[0m
[633.576s] [ 83%] [32mBuilding CXX object tasks/auto_buff/CMakeFiles/auto_buff.dir/buff_target.cpp.o[0m
[645.228s] [ 84%] [32mBuilding CXX object tasks/auto_buff/CMakeFiles/auto_buff.dir/yolo11_buff.cpp.o[0m
[655.066s] [ 85%] [32mBuilding CXX object tasks/auto_buff/CMakeFiles/auto_buff.dir/buff_solver.cpp.o[0m
[659.132s] [ 85%] [32mBuilding CXX object tasks/auto_buff/CMakeFiles/auto_buff.dir/buff_detector.cpp.o[0m
[667.287s] [ 85%] Built target auto_buff
[667.330s] [ 86%] [32mBuilding CXX object CMakeFiles/standard.dir/src/standard.cpp.o[0m
[674.907s] [ 87%] [32m[1mLinking CXX executable standard[0m
[675.583s] [ 87%] Built target standard
[675.599s] [ 88%] [32mBuilding CXX object CMakeFiles/auto_aim_debug_mpc.dir/src/auto_aim_debug_mpc.cpp.o[0m
[684.179s] [ 89%] [32m[1mLinking CXX executable auto_aim_debug_mpc[0m
[684.990s] [ 89%] Built target auto_aim_debug_mpc
[685.084s] [ 90%] [32mBuilding CXX object CMakeFiles/mt_auto_aim_debug.dir/src/mt_auto_aim_debug.cpp.o[0m
[694.655s] [ 91%] [32m[1mLinking CXX executable mt_auto_aim_debug[0m
[695.347s] [ 91%] Built target mt_auto_aim_debug
[695.407s] [ 92%] [32mBuilding CXX object CMakeFiles/auto_buff_debug.dir/src/auto_buff_debug.cpp.o[0m
[706.012s] [ 93%] [32m[1mLinking CXX executable auto_buff_debug[0m
[706.537s] [ 93%] Built target auto_buff_debug
[706.553s] [ 94%] [32mBuilding CXX object CMakeFiles/auto_buff_debug_mpc.dir/src/auto_buff_debug_mpc.cpp.o[0m
[716.049s] [ 94%] [32m[1mLinking CXX executable auto_buff_debug_mpc[0m
[718.329s] [ 94%] Built target auto_buff_debug_mpc
[718.444s] [ 94%] [32mBuilding CXX object CMakeFiles/uav.dir/src/uav.cpp.o[0m
[751.324s] [ 95%] [32m[1mLinking CXX executable uav[0m
[752.122s] [ 95%] Built target uav
[752.170s] [ 96%] [32mBuilding CXX object CMakeFiles/auto_buff_test.dir/tests/auto_buff_test.cpp.o[0m
[761.491s] [ 97%] [32m[1mLinking CXX executable auto_buff_test[0m
[761.976s] [ 97%] Built target auto_buff_test
[762.011s] [ 98%] [32mBuilding CXX object CMakeFiles/standard_mpc.dir/src/standard_mpc.cpp.o[0m
[808.874s] [ 99%] [32m[1mLinking CXX executable standard_mpc[0m
[813.541s] [ 99%] Built target standard_mpc
[813.571s] [ 99%] [32mBuilding CXX object CMakeFiles/mt_standard.dir/src/mt_standard.cpp.o[0m
[897.306s] [100%] [32m[1mLinking CXX executable mt_standard[0m
[898.008s] [100%] Built target mt_standard
[898.016s] Invoked command in '/home/adam/tongji/sp_vision_25/build/sp_vision' returned '0': /usr/bin/cmake --build /home/adam/tongji/sp_vision_25/build/sp_vision -- -j4 -l4
