-- The C compiler identification is GNU 11.4.0
-- The CXX compiler identification is GNU 11.4.0
-- Detecting C compiler ABI info
-- Detecting C compiler ABI info - done
-- Check for working C compiler: /usr/bin/cc - skipped
-- Detecting C compile features
-- Detecting C compile features - done
-- Detecting CXX compiler ABI info
-- Detecting CXX compiler ABI info - done
-- Check for working CXX compiler: /usr/bin/c++ - skipped
-- Detecting CXX compile features
-- Detecting CXX compile features - done
-- --------------------CMAKE_BUILD_TYPE: Release--------------------
-- Found OpenCV: /usr (found version "4.5.4") 
-- Looking for pthread.h
-- Looking for pthread.h - found
-- Performing Test CMAKE_HAVE_LIBC_PTHREAD
-- Performing Test CMAKE_HAVE_LIBC_PTHREAD - Success
-- Found Threads: TRUE  
-- Found nlohmann_json: /usr/lib/cmake/nlohmann_json/nlohmann_jsonConfig.cmake (found version "3.10.5") 
-- Found Python3: /usr/bin/python3 (found version "3.10.12") found components: Interpreter 
-- Found rosidl_generator_c: 3.1.7 (/opt/ros/humble/share/rosidl_generator_c/cmake)
-- Found rosidl_adapter: 3.1.7 (/opt/ros/humble/share/rosidl_adapter/cmake)
-- Found rosidl_generator_cpp: 3.1.7 (/opt/ros/humble/share/rosidl_generator_cpp/cmake)
-- Using all available rosidl_typesupport_c: rosidl_typesupport_fastrtps_c;rosidl_typesupport_introspection_c
-- Using all available rosidl_typesupport_cpp: rosidl_typesupport_fastrtps_cpp;rosidl_typesupport_introspection_cpp
-- Found rmw_implementation_cmake: 6.1.2 (/opt/ros/humble/share/rmw_implementation_cmake/cmake)
-- Found rmw_fastrtps_cpp: 6.2.9 (/opt/ros/humble/share/rmw_fastrtps_cpp/cmake)
-- Found OpenSSL: /usr/lib/x86_64-linux-gnu/libcrypto.so (found version "3.0.2")  
-- Found FastRTPS: /opt/ros/humble/include  
-- Using RMW implementation 'rmw_fastrtps_cpp' as default
-- Found CXSparse: /usr/include/suitesparse (found suitable version "3.2.0", minimum required is "3.2.0") 
-- Found AMD headers in: /usr/include/suitesparse
-- Found AMD library: /usr/lib/x86_64-linux-gnu/libamd.so
-- Found CAMD headers in: /usr/include/suitesparse
-- Found CAMD library: /usr/lib/x86_64-linux-gnu/libcamd.so
-- Found CCOLAMD headers in: /usr/include/suitesparse
-- Found CCOLAMD library: /usr/lib/x86_64-linux-gnu/libccolamd.so
-- Found CHOLMOD headers in: /usr/include/suitesparse
-- Found CHOLMOD library: /usr/lib/x86_64-linux-gnu/libcholmod.so
-- Found COLAMD headers in: /usr/include/suitesparse
-- Found COLAMD library: /usr/lib/x86_64-linux-gnu/libcolamd.so
-- Found SPQR headers in: /usr/include/suitesparse
-- Found SPQR library: /usr/lib/x86_64-linux-gnu/libspqr.so
-- Found Config headers in: /usr/include/suitesparse
-- Found Config library: /usr/lib/x86_64-linux-gnu/libsuitesparseconfig.so
-- Found Intel Thread Building Blocks (TBB) library (2021.13 / ) include location: . Assuming SuiteSparseQR was compiled with TBB.
-- Looking for shm_open in rt
-- Looking for shm_open in rt - found
-- Adding librt to SuiteSparse_config libraries (required on Linux & Unix [not OSX] if SuiteSparse is compiled with timing).
-- Could NOT find METIS (missing: METIS_INCLUDE_DIR METIS_LIBRARY) 
-- Found SuiteSparse: /usr/include/suitesparse (found suitable version "5.10.1", minimum required is "5.10.1") found components: AMD CAMD CCOLAMD CHOLMOD COLAMD SPQR Config 
-- Found required Ceres dependency: Eigen version 3.4.0 in /usr/share/eigen3/cmake
-- Found required Ceres dependency: glog
-- Found required Ceres dependency: gflags
-- Found Ceres version: 2.1.0 installed in: /usr/local with components: [EigenSparse, SparseLinearAlgebraLibrary, LAPACK, SuiteSparse, CXSparse, SchurSpecializations, Multithreading]
-- Found rosidl_generator_c: 3.1.7 (/opt/ros/humble/share/rosidl_generator_c/cmake)
-- Found rosidl_adapter: 3.1.7 (/opt/ros/humble/share/rosidl_adapter/cmake)
-- Found rosidl_generator_cpp: 3.1.7 (/opt/ros/humble/share/rosidl_generator_cpp/cmake)
-- Using all available rosidl_typesupport_c: rosidl_typesupport_fastrtps_c;rosidl_typesupport_introspection_c
-- Using all available rosidl_typesupport_cpp: rosidl_typesupport_fastrtps_cpp;rosidl_typesupport_introspection_cpp
-- Found rmw_implementation_cmake: 6.1.2 (/opt/ros/humble/share/rmw_implementation_cmake/cmake)
-- Found rmw_fastrtps_cpp: 6.2.9 (/opt/ros/humble/share/rmw_fastrtps_cpp/cmake)
-- Using RMW implementation 'rmw_fastrtps_cpp' as default
-- ROS2 environment not found, skipping ROS2-related code.
-- Configuring done
-- Generating done
-- Build files have been written to: /home/adam/tongji/sp_vision_25/build/sp_vision
[  6%] [32mBuilding CXX object io/serial/CMakeFiles/serial.dir/src/impl/unix.cc.o[0m
[  6%] [32mBuilding CXX object io/serial/CMakeFiles/serial.dir/src/serial.cc.o[0m
[  6%] [32mBuilding CXX object tasks/auto_aim/planner/tinympc/CMakeFiles/tinympcstatic.dir/admm.cpp.o[0m
[  6%] [32mBuilding CXX object tasks/auto_aim/planner/tinympc/CMakeFiles/tinympcstatic.dir/tiny_api.cpp.o[0m
[  7%] [32mBuilding CXX object io/serial/CMakeFiles/serial.dir/src/impl/list_ports/list_ports_linux.cc.o[0m
[  7%] [32mBuilding CXX object tasks/omniperception/CMakeFiles/omniperception.dir/decider.cpp.o[0m
[  6%] [32mBuilding CXX object tools/CMakeFiles/tools.dir/extended_kalman_filter.cpp.o[0m
[  8%] [32mBuilding CXX object tools/CMakeFiles/tools.dir/exiter.cpp.o[0m
[  8%] [32mBuilding CXX object tasks/auto_aim/planner/tinympc/CMakeFiles/tinympcstatic.dir/codegen.cpp.o[0m
[  9%] [32mBuilding CXX object tools/CMakeFiles/tools.dir/ransac_sine_fitter.cpp.o[0m
[ 10%] [32mBuilding CXX object tasks/omniperception/CMakeFiles/omniperception.dir/perceptron.cpp.o[0m
[ 11%] [32m[1mLinking CXX static library libserial.a[0m
[ 11%] Built target serial
[ 12%] [32mBuilding CXX object tasks/auto_aim/planner/tinympc/CMakeFiles/tinympcstatic.dir/rho_benchmark.cpp.o[0m
[ 13%] [32mBuilding CXX object tools/CMakeFiles/tools.dir/img_tools.cpp.o[0m
[ 13%] [32mBuilding CXX object tools/CMakeFiles/tools.dir/math_tools.cpp.o[0m
[ 14%] [32mBuilding CXX object tools/CMakeFiles/tools.dir/plotter.cpp.o[0m
[ 15%] [32mBuilding CXX object tools/CMakeFiles/tools.dir/trajectory.cpp.o[0m
[ 16%] [32mBuilding CXX object io/CMakeFiles/io.dir/hikrobot/hikrobot.cpp.o[0m
[ 17%] [32m[1mLinking CXX static library libtinympcstatic.a[0m
[ 17%] Built target tinympcstatic
[ 17%] Built target omniperception
[ 18%] [32mBuilding CXX object io/CMakeFiles/io.dir/usbcamera/usbcamera.cpp.o[0m
[ 19%] [32mBuilding CXX object io/CMakeFiles/io.dir/camera.cpp.o[0m
[ 20%] [32mBuilding CXX object tools/CMakeFiles/tools.dir/crc.cpp.o[0m
[ 21%] [32mBuilding CXX object tools/CMakeFiles/tools.dir/pid.cpp.o[0m
[ 22%] [32mBuilding CXX object tools/CMakeFiles/tools.dir/logger.cpp.o[0m
[ 23%] [32mBuilding CXX object io/CMakeFiles/io.dir/gimbal/gimbal.cpp.o[0m
[ 24%] [32mBuilding CXX object tools/CMakeFiles/tools.dir/recorder.cpp.o[0m
[ 24%] Built target tools
