[0.011s] Invoking command in '/home/adam/tongji/sp_vision_25/build/sp_vision': /usr/bin/cmake /home/adam/tongji/sp_vision_25 -DCMAKE_INSTALL_PREFIX=/home/adam/tongji/sp_vision_25/install/sp_vision
[0.111s] -- The C compiler identification is GNU 11.4.0
[0.157s] -- The CXX compiler identification is GNU 11.4.0
[0.165s] -- Detecting C compiler ABI info
[0.226s] -- Detecting C compiler ABI info - done
[0.232s] -- Check for working C compiler: /usr/bin/cc - skipped
[0.233s] -- Detecting C compile features
[0.233s] -- Detecting C compile features - done
[0.236s] -- Detecting CXX compiler ABI info
[0.302s] -- Detecting CXX compiler ABI info - done
[0.307s] -- Check for working CXX compiler: /usr/bin/c++ - skipped
[0.307s] -- Detecting CXX compile features
[0.308s] -- Detecting CXX compile features - done
[0.308s] -- --------------------CMAKE_BUILD_TYPE: Release--------------------
[0.317s] -- Found OpenCV: /usr (found version "4.5.4") 
[0.334s] -- Looking for pthread.h
[0.396s] -- Looking for pthread.h - found
[0.397s] -- Performing Test CMAKE_HAVE_LIBC_PTHREAD
[0.467s] -- Performing Test CMAKE_HAVE_LIBC_PTHREAD - Success
[0.468s] -- Found Threads: TRUE  
[0.473s] -- Found nlohmann_json: /usr/lib/cmake/nlohmann_json/nlohmann_jsonConfig.cmake (found version "3.10.5") 
[0.604s] -- Found Python3: /usr/bin/python3 (found version "3.10.12") found components: Interpreter 
[0.733s] -- Found rosidl_generator_c: 3.1.7 (/opt/ros/humble/share/rosidl_generator_c/cmake)
[0.738s] -- Found rosidl_adapter: 3.1.7 (/opt/ros/humble/share/rosidl_adapter/cmake)
[0.746s] -- Found rosidl_generator_cpp: 3.1.7 (/opt/ros/humble/share/rosidl_generator_cpp/cmake)
[0.758s] -- Using all available rosidl_typesupport_c: rosidl_typesupport_fastrtps_c;rosidl_typesupport_introspection_c
[0.774s] -- Using all available rosidl_typesupport_cpp: rosidl_typesupport_fastrtps_cpp;rosidl_typesupport_introspection_cpp
[0.823s] -- Found rmw_implementation_cmake: 6.1.2 (/opt/ros/humble/share/rmw_implementation_cmake/cmake)
[0.827s] -- Found rmw_fastrtps_cpp: 6.2.9 (/opt/ros/humble/share/rmw_fastrtps_cpp/cmake)
[0.916s] -- Found OpenSSL: /usr/lib/x86_64-linux-gnu/libcrypto.so (found version "3.0.2")  
[0.942s] -- Found FastRTPS: /opt/ros/humble/include  
[0.979s] -- Using RMW implementation 'rmw_fastrtps_cpp' as default
[1.046s] [33mCMake Warning at io/CMakeLists.txt:49 (message):
[1.046s]   ROS2 not found, skipping ROS2 specific code.
[1.046s] 
[1.046s] [0m
[1.066s] -- Found CXSparse: /usr/include/suitesparse (found suitable version "3.2.0", minimum required is "3.2.0") 
[1.456s] -- Found AMD headers in: /usr/include/suitesparse
[1.458s] -- Found AMD library: /usr/lib/x86_64-linux-gnu/libamd.so
[1.458s] -- Found CAMD headers in: /usr/include/suitesparse
[1.459s] -- Found CAMD library: /usr/lib/x86_64-linux-gnu/libcamd.so
[1.459s] -- Found CCOLAMD headers in: /usr/include/suitesparse
[1.460s] -- Found CCOLAMD library: /usr/lib/x86_64-linux-gnu/libccolamd.so
[1.460s] -- Found CHOLMOD headers in: /usr/include/suitesparse
[1.460s] -- Found CHOLMOD library: /usr/lib/x86_64-linux-gnu/libcholmod.so
[1.460s] -- Found COLAMD headers in: /usr/include/suitesparse
[1.461s] -- Found COLAMD library: /usr/lib/x86_64-linux-gnu/libcolamd.so
[1.461s] -- Found SPQR headers in: /usr/include/suitesparse
[1.461s] -- Found SPQR library: /usr/lib/x86_64-linux-gnu/libspqr.so
[1.462s] -- Found Config headers in: /usr/include/suitesparse
[1.462s] -- Found Config library: /usr/lib/x86_64-linux-gnu/libsuitesparseconfig.so
[1.464s] -- Found Intel Thread Building Blocks (TBB) library (2021.13 / ) include location: . Assuming SuiteSparseQR was compiled with TBB.
[1.464s] -- Looking for shm_open in rt
[1.524s] -- Looking for shm_open in rt - found
[1.525s] -- Adding librt to SuiteSparse_config libraries (required on Linux & Unix [not OSX] if SuiteSparse is compiled with timing).
[1.534s] -- Could NOT find METIS (missing: METIS_INCLUDE_DIR METIS_LIBRARY) 
[1.535s] -- Found SuiteSparse: /usr/include/suitesparse (found suitable version "5.10.1", minimum required is "5.10.1") found components: AMD CAMD CCOLAMD CHOLMOD COLAMD SPQR Config 
[1.536s] -- Found required Ceres dependency: Eigen version 3.4.0 in /usr/share/eigen3/cmake
[1.541s] -- Found required Ceres dependency: glog
[1.541s] -- Found required Ceres dependency: gflags
[1.541s] -- Found Ceres version: 2.1.0 installed in: /usr/local with components: [EigenSparse, SparseLinearAlgebraLibrary, LAPACK, SuiteSparse, CXSparse, SchurSpecializations, Multithreading]
[1.668s] -- Found rosidl_generator_c: 3.1.7 (/opt/ros/humble/share/rosidl_generator_c/cmake)
[1.670s] -- Found rosidl_adapter: 3.1.7 (/opt/ros/humble/share/rosidl_adapter/cmake)
[1.675s] -- Found rosidl_generator_cpp: 3.1.7 (/opt/ros/humble/share/rosidl_generator_cpp/cmake)
[1.683s] -- Using all available rosidl_typesupport_c: rosidl_typesupport_fastrtps_c;rosidl_typesupport_introspection_c
[1.691s] -- Using all available rosidl_typesupport_cpp: rosidl_typesupport_fastrtps_cpp;rosidl_typesupport_introspection_cpp
[1.716s] -- Found rmw_implementation_cmake: 6.1.2 (/opt/ros/humble/share/rmw_implementation_cmake/cmake)
[1.717s] -- Found rmw_fastrtps_cpp: 6.2.9 (/opt/ros/humble/share/rmw_fastrtps_cpp/cmake)
[1.798s] -- Using RMW implementation 'rmw_fastrtps_cpp' as default
[1.842s] -- ROS2 environment not found, skipping ROS2-related code.
[1.842s] -- Configuring done
[1.981s] -- Generating done
[2.016s] -- Build files have been written to: /home/adam/tongji/sp_vision_25/build/sp_vision
[2.032s] Invoked command in '/home/adam/tongji/sp_vision_25/build/sp_vision' returned '0': /usr/bin/cmake /home/adam/tongji/sp_vision_25 -DCMAKE_INSTALL_PREFIX=/home/adam/tongji/sp_vision_25/install/sp_vision
[2.035s] Invoking command in '/home/adam/tongji/sp_vision_25/build/sp_vision': /usr/bin/cmake --build /home/adam/tongji/sp_vision_25/build/sp_vision -- -j8 -l8
[2.080s] [  6%] [32mBuilding CXX object io/serial/CMakeFiles/serial.dir/src/impl/unix.cc.o[0m
[2.080s] [  6%] [32mBuilding CXX object io/serial/CMakeFiles/serial.dir/src/serial.cc.o[0m
[2.080s] [  6%] [32mBuilding CXX object tasks/auto_aim/planner/tinympc/CMakeFiles/tinympcstatic.dir/admm.cpp.o[0m
[2.080s] [  6%] [32mBuilding CXX object tasks/auto_aim/planner/tinympc/CMakeFiles/tinympcstatic.dir/tiny_api.cpp.o[0m
[2.080s] [  7%] [32mBuilding CXX object io/serial/CMakeFiles/serial.dir/src/impl/list_ports/list_ports_linux.cc.o[0m
[2.080s] [  7%] [32mBuilding CXX object tasks/omniperception/CMakeFiles/omniperception.dir/decider.cpp.o[0m
[2.080s] [  6%] [32mBuilding CXX object tools/CMakeFiles/tools.dir/extended_kalman_filter.cpp.o[0m
[2.080s] [  8%] [32mBuilding CXX object tools/CMakeFiles/tools.dir/exiter.cpp.o[0m
[2.413s] [  8%] [32mBuilding CXX object tasks/auto_aim/planner/tinympc/CMakeFiles/tinympcstatic.dir/codegen.cpp.o[0m
[3.054s] [  9%] [32mBuilding CXX object tools/CMakeFiles/tools.dir/ransac_sine_fitter.cpp.o[0m
[3.370s] [ 10%] [32mBuilding CXX object tasks/omniperception/CMakeFiles/omniperception.dir/perceptron.cpp.o[0m
[3.488s] [ 11%] [32m[1mLinking CXX static library libserial.a[0m
[3.545s] [ 11%] Built target serial
[3.558s] [ 12%] [32mBuilding CXX object tasks/auto_aim/planner/tinympc/CMakeFiles/tinympcstatic.dir/rho_benchmark.cpp.o[0m
[3.707s] [01m[K/home/adam/tongji/sp_vision_25/tasks/auto_aim/planner/tinympc/admm.cpp:[m[K In function ‘[01m[KtinyVector project_soc(tinyVector, float)[m[K’:
[3.712s] [01m[K/home/adam/tongji/sp_vision_25/tasks/auto_aim/planner/tinympc/admm.cpp:40:42:[m[K [01;35m[Kwarning: [m[K‘[01m[KEigen::placeholders::last[m[K’ is deprecated [[01;35m[K]8;;https://gcc.gnu.org/onlinedocs/gcc/Warning-Options.html#index-Wdeprecated-declarations-Wdeprecated-declarations]8;;[m[K]
[3.712s]    40 |     tinytype u0 = s(Eigen::placeholders::[01;35m[Klast[m[K) * mu;
[3.712s]       |                                          [01;35m[K^~~~[m[K
[3.712s] In file included from [01m[K/usr/include/eigen3/Eigen/Core:265[m[K,
[3.712s]                  from [01m[K/usr/include/eigen3/Eigen/Dense:1[m[K,
[3.712s]                  from [01m[K/usr/include/eigen3/Eigen/Eigen:1[m[K,
[3.712s]                  from [01m[K/home/adam/tongji/sp_vision_25/tasks/auto_aim/planner/tinympc/types.hpp:3[m[K,
[3.712s]                  from [01m[K/home/adam/tongji/sp_vision_25/tasks/auto_aim/planner/tinympc/admm.hpp:3[m[K,
[3.712s]                  from [01m[K/home/adam/tongji/sp_vision_25/tasks/auto_aim/planner/tinympc/admm.cpp:3[m[K:
[3.712s] [01m[K/usr/include/eigen3/Eigen/src/Core/util/IndexedViewHelper.h:180:40:[m[K [01;36m[Knote: [m[Kdeclared here
[3.713s]   180 |   EIGEN_DEPRECATED static const last_t [01;36m[Klast[m[K = Eigen::last;   // PLEASE use Eigen::last   instead of Eigen::placeholders::last
[3.713s]       |                                        [01;36m[K^~~~[m[K
[4.932s] [ 13%] [32mBuilding CXX object tools/CMakeFiles/tools.dir/img_tools.cpp.o[0m
[8.181s] [ 13%] [32mBuilding CXX object tools/CMakeFiles/tools.dir/math_tools.cpp.o[0m
[9.447s] [ 14%] [32mBuilding CXX object tools/CMakeFiles/tools.dir/plotter.cpp.o[0m
[11.072s] [ 15%] [32mBuilding CXX object tools/CMakeFiles/tools.dir/trajectory.cpp.o[0m
[11.333s] [ 16%] [32mBuilding CXX object io/CMakeFiles/io.dir/hikrobot/hikrobot.cpp.o[0m
[16.985s] [ 17%] [32m[1mLinking CXX static library libtinympcstatic.a[0m
[17.040s] [ 17%] Built target tinympcstatic
[18.666s] [ 17%] Built target omniperception
[22.059s] [ 18%] [32mBuilding CXX object io/CMakeFiles/io.dir/usbcamera/usbcamera.cpp.o[0m
[28.964s] [ 19%] [32mBuilding CXX object io/CMakeFiles/io.dir/camera.cpp.o[0m
[30.094s] [ 20%] [32mBuilding CXX object tools/CMakeFiles/tools.dir/crc.cpp.o[0m
[30.130s] [ 21%] [32mBuilding CXX object tools/CMakeFiles/tools.dir/pid.cpp.o[0m
[30.952s] [ 22%] [32mBuilding CXX object tools/CMakeFiles/tools.dir/logger.cpp.o[0m
[35.835s] [ 23%] [32mBuilding CXX object io/CMakeFiles/io.dir/gimbal/gimbal.cpp.o[0m
[36.756s] [ 24%] [32mBuilding CXX object tools/CMakeFiles/tools.dir/recorder.cpp.o[0m
[36.950s] [01m[K/home/adam/tongji/sp_vision_25/io/gimbal/gimbal.cpp:[m[K In member function ‘[01m[KEigen::Quaterniond io::Gimbal::q(std::chrono::_V2::steady_clock::time_point)[m[K’:
[36.951s] [01m[K/home/adam/tongji/sp_vision_25/io/gimbal/gimbal.cpp:73:11:[m[K [01;31m[Kerror: [m[Kconflicting declaration ‘[01m[Kauto q_a[m[K’
[36.951s]    73 |     auto [[01;31m[Kq_a[m[K, t_a] = queue_.pop();
[36.951s]       |           [01;31m[K^~~[m[K
[36.951s] [01m[K/home/adam/tongji/sp_vision_25/io/gimbal/gimbal.cpp:70:11:[m[K [01;36m[Knote: [m[Kprevious declaration as ‘[01m[Kstd::tuple_element<0, std::tuple<Eigen::Quaternion<double, 0>, std::chrono::time_point<std::chrono::_V2::steady_clock, std::chrono::duration<long int, std::ratio<1, 1000000000> > > > >::type&& q_a[m[K’
[36.951s]    70 |     auto [[01;36m[Kq_a[m[K, t_a] = queue_.pop();
[36.951s]       |           [01;36m[K^~~[m[K
[36.951s] [01m[K/home/adam/tongji/sp_vision_25/io/gimbal/gimbal.cpp:73:16:[m[K [01;31m[Kerror: [m[Kconflicting declaration ‘[01m[Kauto t_a[m[K’
[36.951s]    73 |     auto [q_a, [01;31m[Kt_a[m[K] = queue_.pop();
[36.951s]       |                [01;31m[K^~~[m[K
[36.951s] [01m[K/home/adam/tongji/sp_vision_25/io/gimbal/gimbal.cpp:70:16:[m[K [01;36m[Knote: [m[Kprevious declaration as ‘[01m[Kstd::tuple_element<0, std::tuple<std::chrono::time_point<std::chrono::_V2::steady_clock, std::chrono::duration<long int, std::ratio<1, 1000000000> > > > >::type&& t_a[m[K’
[36.951s]    70 |     auto [q_a, [01;36m[Kt_a[m[K] = queue_.pop();
[36.951s]       |                [01;36m[K^~~[m[K
[38.417s] gmake[2]: *** [io/CMakeFiles/io.dir/build.make:160：io/CMakeFiles/io.dir/gimbal/gimbal.cpp.o] 错误 1
[38.417s] gmake[1]: *** [CMakeFiles/Makefile2:1233：io/CMakeFiles/io.dir/all] 错误 2
[38.417s] gmake[1]: *** 正在等待未完成的任务....
[43.872s] [ 24%] Built target tools
[43.873s] gmake: *** [Makefile:101：all] 错误 2
[43.875s] Invoked command in '/home/adam/tongji/sp_vision_25/build/sp_vision' returned '2': /usr/bin/cmake --build /home/adam/tongji/sp_vision_25/build/sp_vision -- -j8 -l8
