[0.240s] DEBUG:colcon:Command line arguments: ['/usr/bin/colcon', 'build']
[0.240s] DEBUG:colcon:Parsed command line arguments: Namespace(log_base=None, log_level=None, verb_name='build', build_base='build', install_base='install', merge_install=False, symlink_install=False, test_result_base=None, continue_on_error=False, executor='parallel', parallel_workers=4, event_handlers=None, ignore_user_meta=False, metas=['./colcon.meta'], base_paths=['.'], packages_ignore=None, packages_ignore_regex=None, paths=None, packages_up_to=None, packages_up_to_regex=None, packages_above=None, packages_above_and_dependencies=None, packages_above_depth=None, packages_select_by_dep=None, packages_skip_by_dep=None, packages_skip_up_to=None, packages_select_build_failed=False, packages_skip_build_finished=False, packages_select_test_failures=False, packages_skip_test_passed=False, packages_select=None, packages_skip=None, packages_select_regex=None, packages_skip_regex=None, packages_start=None, packages_end=None, allow_overriding=[], cmake_args=None, cmake_target=None, cmake_target_skip_unavailable=False, cmake_clean_cache=False, cmake_clean_first=False, cmake_force_configure=False, ament_cmake_args=None, catkin_cmake_args=None, catkin_skip_building_tests=False, verb_parser=<colcon_defaults.argument_parser.defaults.DefaultArgumentsDecorator object at 0x7dd5fbf60ee0>, verb_extension=<colcon_core.verb.build.BuildVerb object at 0x7dd5fbf600a0>, main=<bound method BuildVerb.main of <colcon_core.verb.build.BuildVerb object at 0x7dd5fbf600a0>>)
[0.472s] Level 1:colcon.colcon_core.package_discovery:discover_packages(colcon_meta) check parameters
[0.472s] Level 1:colcon.colcon_core.package_discovery:discover_packages(recursive) check parameters
[0.472s] Level 1:colcon.colcon_core.package_discovery:discover_packages(ignore) check parameters
[0.472s] Level 1:colcon.colcon_core.package_discovery:discover_packages(path) check parameters
[0.472s] Level 1:colcon.colcon_core.package_discovery:discover_packages(colcon_meta) discover
[0.472s] Level 1:colcon.colcon_core.package_discovery:discover_packages(recursive) discover
[0.472s] INFO:colcon.colcon_core.package_discovery:Crawling recursively for packages in '/home/adam/tongji/sp_vision_25'
[0.472s] Level 1:colcon.colcon_core.package_identification:_identify(.) by extensions ['ignore', 'ignore_ament_install']
[0.472s] Level 1:colcon.colcon_core.package_identification:_identify(.) by extension 'ignore'
[0.472s] Level 1:colcon.colcon_core.package_identification:_identify(.) by extension 'ignore_ament_install'
[0.472s] Level 1:colcon.colcon_core.package_identification:_identify(.) by extensions ['colcon_pkg']
[0.472s] Level 1:colcon.colcon_core.package_identification:_identify(.) by extension 'colcon_pkg'
[0.472s] Level 1:colcon.colcon_core.package_identification:_identify(.) by extensions ['colcon_meta']
[0.472s] Level 1:colcon.colcon_core.package_identification:_identify(.) by extension 'colcon_meta'
[0.472s] Level 1:colcon.colcon_core.package_identification:_identify(.) by extensions ['ros']
[0.472s] Level 1:colcon.colcon_core.package_identification:_identify(.) by extension 'ros'
[0.483s] Level 1:colcon.colcon_core.package_identification:_identify(.) by extensions ['cmake', 'python']
[0.483s] Level 1:colcon.colcon_core.package_identification:_identify(.) by extension 'cmake'
[0.539s] Level 1:colcon.colcon_core.package_identification:_identify(.) by extension 'python'
[0.539s] DEBUG:colcon.colcon_core.package_identification:Package '.' with type 'cmake' and name 'sp_vision'
[0.539s] Level 1:colcon.colcon_core.package_discovery:discover_packages(recursive) using defaults
[0.539s] Level 1:colcon.colcon_core.package_discovery:discover_packages(ignore) discover
[0.539s] Level 1:colcon.colcon_core.package_discovery:discover_packages(ignore) using defaults
[0.539s] Level 1:colcon.colcon_core.package_discovery:discover_packages(path) discover
[0.539s] Level 1:colcon.colcon_core.package_discovery:discover_packages(path) using defaults
[0.570s] Level 1:colcon.colcon_core.package_discovery:discover_packages(prefix_path) check parameters
[0.570s] Level 1:colcon.colcon_core.package_discovery:discover_packages(prefix_path) discover
[0.572s] DEBUG:colcon.colcon_installed_package_information.package_discovery:Found 1 installed packages in /home/adam/tongji/sp_vision_25/install
[0.573s] DEBUG:colcon.colcon_installed_package_information.package_discovery:Found 356 installed packages in /opt/ros/humble
[0.574s] Level 1:colcon.colcon_core.package_discovery:discover_packages(prefix_path) using defaults
[0.606s] Level 5:colcon.colcon_core.verb:set package 'sp_vision' build argument 'cmake_args' from command line to 'None'
[0.606s] Level 5:colcon.colcon_core.verb:set package 'sp_vision' build argument 'cmake_target' from command line to 'None'
[0.606s] Level 5:colcon.colcon_core.verb:set package 'sp_vision' build argument 'cmake_target_skip_unavailable' from command line to 'False'
[0.606s] Level 5:colcon.colcon_core.verb:set package 'sp_vision' build argument 'cmake_clean_cache' from command line to 'False'
[0.606s] Level 5:colcon.colcon_core.verb:set package 'sp_vision' build argument 'cmake_clean_first' from command line to 'False'
[0.606s] Level 5:colcon.colcon_core.verb:set package 'sp_vision' build argument 'cmake_force_configure' from command line to 'False'
[0.606s] Level 5:colcon.colcon_core.verb:set package 'sp_vision' build argument 'ament_cmake_args' from command line to 'None'
[0.606s] Level 5:colcon.colcon_core.verb:set package 'sp_vision' build argument 'catkin_cmake_args' from command line to 'None'
[0.606s] Level 5:colcon.colcon_core.verb:set package 'sp_vision' build argument 'catkin_skip_building_tests' from command line to 'False'
[0.606s] DEBUG:colcon.colcon_core.verb:Building package 'sp_vision' with the following arguments: {'ament_cmake_args': None, 'build_base': '/home/adam/tongji/sp_vision_25/build/sp_vision', 'catkin_cmake_args': None, 'catkin_skip_building_tests': False, 'cmake_args': None, 'cmake_clean_cache': False, 'cmake_clean_first': False, 'cmake_force_configure': False, 'cmake_target': None, 'cmake_target_skip_unavailable': False, 'install_base': '/home/adam/tongji/sp_vision_25/install/sp_vision', 'merge_install': False, 'path': '/home/adam/tongji/sp_vision_25', 'symlink_install': False, 'test_result_base': None}
[0.606s] INFO:colcon.colcon_core.executor:Executing jobs using 'parallel' executor
[0.608s] DEBUG:colcon.colcon_parallel_executor.executor.parallel:run_until_complete
[0.608s] INFO:colcon.colcon_cmake.task.cmake.build:Building CMake package in '/home/adam/tongji/sp_vision_25'
[0.612s] INFO:colcon.colcon_core.plugin_system:Skipping extension 'colcon_core.shell.bat': Not used on non-Windows systems
[0.612s] INFO:colcon.colcon_core.shell:Skip shell extension 'powershell' for command environment: Not usable outside of PowerShell
[0.612s] DEBUG:colcon.colcon_core.shell:Skip shell extension 'dsv' for command environment
[0.619s] DEBUG:colcon.colcon_core.event_handler.log_command:Invoking command in '/home/adam/tongji/sp_vision_25/build/sp_vision': /usr/bin/cmake --build /home/adam/tongji/sp_vision_25/build/sp_vision -- -j4 -l4
[12.857s] DEBUG:colcon.colcon_core.event_handler.log_command:Invoked command in '/home/adam/tongji/sp_vision_25/build/sp_vision' returned '0': /usr/bin/cmake --build /home/adam/tongji/sp_vision_25/build/sp_vision -- -j4 -l4
[12.858s] WARNING:colcon.colcon_cmake.task.cmake.build:Could not run installation step for package 'sp_vision' because it has no 'install' target
[12.858s] Level 1:colcon.colcon_core.environment:create_environment_scripts_only(sp_vision)
[12.863s] Level 1:colcon.colcon_core.environment:checking '/home/adam/tongji/sp_vision_25/install/sp_vision' for CMake module files
[12.864s] Level 1:colcon.colcon_core.environment:checking '/home/adam/tongji/sp_vision_25/install/sp_vision' for CMake config files
[12.864s] Level 1:colcon.colcon_core.environment:checking '/home/adam/tongji/sp_vision_25/install/sp_vision/bin'
[12.864s] Level 1:colcon.colcon_core.environment:checking '/home/adam/tongji/sp_vision_25/install/sp_vision/lib/pkgconfig/sp_vision.pc'
[12.865s] Level 1:colcon.colcon_core.environment:checking '/home/adam/tongji/sp_vision_25/install/sp_vision/lib/python3.10/site-packages'
[12.865s] Level 1:colcon.colcon_core.environment:checking '/home/adam/tongji/sp_vision_25/install/sp_vision/bin'
[12.865s] INFO:colcon.colcon_core.shell:Creating package script '/home/adam/tongji/sp_vision_25/install/sp_vision/share/sp_vision/package.ps1'
[12.866s] INFO:colcon.colcon_core.shell:Creating package descriptor '/home/adam/tongji/sp_vision_25/install/sp_vision/share/sp_vision/package.dsv'
[12.867s] INFO:colcon.colcon_core.shell:Creating package script '/home/adam/tongji/sp_vision_25/install/sp_vision/share/sp_vision/package.sh'
[12.867s] INFO:colcon.colcon_core.shell:Creating package script '/home/adam/tongji/sp_vision_25/install/sp_vision/share/sp_vision/package.bash'
[12.868s] INFO:colcon.colcon_core.shell:Creating package script '/home/adam/tongji/sp_vision_25/install/sp_vision/share/sp_vision/package.zsh'
[12.868s] Level 1:colcon.colcon_core.environment:create_file_with_runtime_dependencies(/home/adam/tongji/sp_vision_25/install/sp_vision/share/colcon-core/packages/sp_vision)
[12.869s] DEBUG:colcon.colcon_parallel_executor.executor.parallel:closing loop
[12.869s] DEBUG:colcon.colcon_parallel_executor.executor.parallel:loop closed
[12.869s] DEBUG:colcon.colcon_parallel_executor.executor.parallel:run_until_complete finished with '0'
[12.869s] DEBUG:colcon.colcon_core.event_reactor:joining thread
[12.874s] INFO:colcon.colcon_core.plugin_system:Skipping extension 'colcon_notification.desktop_notification.terminal_notifier': Not used on non-Darwin systems
[12.874s] INFO:colcon.colcon_core.plugin_system:Skipping extension 'colcon_notification.desktop_notification.win32': Not used on non-Windows systems
[12.874s] INFO:colcon.colcon_notification.desktop_notification:Sending desktop notification using 'notify2'
[12.888s] DEBUG:colcon.colcon_core.event_reactor:joined thread
[12.889s] INFO:colcon.colcon_core.shell:Creating prefix script '/home/adam/tongji/sp_vision_25/install/local_setup.ps1'
[12.890s] INFO:colcon.colcon_core.shell:Creating prefix util module '/home/adam/tongji/sp_vision_25/install/_local_setup_util_ps1.py'
[12.891s] INFO:colcon.colcon_core.shell:Creating prefix chain script '/home/adam/tongji/sp_vision_25/install/setup.ps1'
[12.892s] INFO:colcon.colcon_core.shell:Creating prefix script '/home/adam/tongji/sp_vision_25/install/local_setup.sh'
[12.893s] INFO:colcon.colcon_core.shell:Creating prefix util module '/home/adam/tongji/sp_vision_25/install/_local_setup_util_sh.py'
[12.893s] INFO:colcon.colcon_core.shell:Creating prefix chain script '/home/adam/tongji/sp_vision_25/install/setup.sh'
[12.894s] INFO:colcon.colcon_core.shell:Creating prefix script '/home/adam/tongji/sp_vision_25/install/local_setup.bash'
[12.895s] INFO:colcon.colcon_core.shell:Creating prefix chain script '/home/adam/tongji/sp_vision_25/install/setup.bash'
[12.896s] INFO:colcon.colcon_core.shell:Creating prefix script '/home/adam/tongji/sp_vision_25/install/local_setup.zsh'
[12.896s] INFO:colcon.colcon_core.shell:Creating prefix chain script '/home/adam/tongji/sp_vision_25/install/setup.zsh'
