[35m[1mConsolidate compiler generated dependencies of target serial[0m
[35m[1mConsolidate compiler generated dependencies of target omniperception[0m
[35m[1mConsolidate compiler generated dependencies of target tinympcstatic[0m
[35m[1mConsolidate compiler generated dependencies of target tools[0m
[  4%] Built target serial
[  6%] Built target omniperception
[ 10%] Built target tinympcstatic
[ 20%] Built target tools
[35m[1mConsolidate compiler generated dependencies of target io[0m
[ 21%] [32mBuilding CXX object CMakeFiles/calibrate_robotworld_handeye.dir/calibration/calibrate_robotworld_handeye.cpp.o[0m
[ 21%] [32mBuilding CXX object CMakeFiles/calibrate_camera.dir/calibration/calibrate_camera.cpp.o[0m
[ 22%] [32mBuilding CXX object CMakeFiles/split_video.dir/calibration/split_video.cpp.o[0m
[ 23%] [32mBuilding CXX object io/CMakeFiles/io.dir/mindvision/mindvision.cpp.o[0m
[ 24%] [32mBuilding CXX object io/CMakeFiles/io.dir/gimbal/gimbal.cpp.o[0m
[ 25%] [32mBuilding CXX object CMakeFiles/calibrate_handeye.dir/calibration/calibrate_handeye.cpp.o[0m
[ 26%] [32mBuilding CXX object io/CMakeFiles/io.dir/cboard.cpp.o[0m
[ 26%] [32mBuilding CXX object io/CMakeFiles/io.dir/dm_imu/dm_imu.cpp.o[0m
[ 27%] [32m[1mLinking CXX executable calibrate_camera[0m
[ 27%] Built target calibrate_camera
[ 28%] [32m[1mLinking CXX executable calibrate_robotworld_handeye[0m
[ 29%] [32m[1mLinking CXX executable calibrate_handeye[0m
[ 29%] Built target calibrate_robotworld_handeye
[ 29%] Built target calibrate_handeye
[ 30%] [32m[1mLinking CXX static library libio.a[0m
[ 30%] [32m[1mLinking CXX executable split_video[0m
[ 33%] Built target io
[ 33%] Built target split_video
[ 34%] [32mBuilding CXX object CMakeFiles/multi_usbcamera_test.dir/tests/multi_usbcamera_test.cpp.o[0m
[ 35%] [32m[1mLinking CXX executable multi_usbcamera_test[0m
[ 35%] Built target multi_usbcamera_test
[ 36%] [32mBuilding CXX object CMakeFiles/usbcamera_test.dir/tests/usbcamera_test.cpp.o[0m
[ 37%] [32m[1mLinking CXX executable usbcamera_test[0m
[ 37%] Built target usbcamera_test
[ 37%] [32mBuilding CXX object CMakeFiles/dm_test.dir/tests/dm_test.cpp.o[0m
[ 38%] [32m[1mLinking CXX executable dm_test[0m
[ 38%] Built target dm_test
[ 39%] [32mBuilding CXX object CMakeFiles/gimbal_response_test.dir/tests/gimbal_response_test.cpp.o[0m
[ 40%] [32mBuilding CXX object CMakeFiles/fire_test.dir/tests/fire_test.cpp.o[0m
[ 41%] [32m[1mLinking CXX executable fire_test[0m
[ 42%] [32m[1mLinking CXX executable gimbal_response_test[0m
[ 42%] Built target fire_test
[ 42%] Built target gimbal_response_test
[ 43%] [32mBuilding CXX object CMakeFiles/cboard_test.dir/tests/cboard_test.cpp.o[0m
[ 44%] [32m[1mLinking CXX executable cboard_test[0m
[ 44%] Built target cboard_test
[ 45%] [32mBuilding CXX object CMakeFiles/camera_test.dir/tests/camera_test.cpp.o[0m
[ 46%] [32m[1mLinking CXX executable camera_test[0m
[ 46%] Built target camera_test
[ 48%] [32mBuilding CXX object CMakeFiles/capture.dir/calibration/capture.cpp.o[0m
[ 48%] [32mBuilding CXX object tasks/auto_aim/CMakeFiles/auto_aim.dir/classifier.cpp.o[0m
[ 48%] [32mBuilding CXX object tasks/auto_aim/CMakeFiles/auto_aim.dir/armor.cpp.o[0m
[ 49%] [32mBuilding CXX object tasks/auto_aim/CMakeFiles/auto_aim.dir/tracker.cpp.o[0m
[ 50%] [32mBuilding CXX object tasks/auto_aim/CMakeFiles/auto_aim.dir/target.cpp.o[0m
[ 51%] [32mBuilding CXX object tasks/auto_aim/CMakeFiles/auto_aim.dir/aimer.cpp.o[0m
[ 51%] [32mBuilding CXX object tasks/auto_aim/CMakeFiles/auto_aim.dir/voter.cpp.o[0m
[ 52%] [32mBuilding CXX object tasks/auto_aim/CMakeFiles/auto_aim.dir/solver.cpp.o[0m
[ 53%] [32m[1mLinking CXX executable capture[0m
[ 53%] Built target capture
[ 54%] [32mBuilding CXX object tasks/auto_aim/CMakeFiles/auto_aim.dir/multithread/commandgener.cpp.o[0m
[ 54%] [32mBuilding CXX object tasks/auto_aim/CMakeFiles/auto_aim.dir/multithread/mt_detector.cpp.o[0m
[ 55%] [32mBuilding CXX object tasks/auto_aim/CMakeFiles/auto_aim.dir/planner/planner.cpp.o[0m
[ 56%] [32mBuilding CXX object tasks/auto_aim/CMakeFiles/auto_aim.dir/yolos/yolo11.cpp.o[0m
[ 57%] [32mBuilding CXX object tasks/auto_aim/CMakeFiles/auto_aim.dir/yolos/yolov8.cpp.o[0m
[ 59%] [32mBuilding CXX object tasks/auto_aim/CMakeFiles/auto_aim.dir/yolos/yolov5.cpp.o[0m
[ 59%] [32mBuilding CXX object tasks/auto_aim/CMakeFiles/auto_aim.dir/yolo.cpp.o[0m
[ 60%] [32mBuilding CXX object tasks/auto_aim/CMakeFiles/auto_aim.dir/shooter.cpp.o[0m
[ 61%] [32mBuilding CXX object tasks/auto_aim/CMakeFiles/auto_aim.dir/detector.cpp.o[0m
[ 61%] Built target auto_aim
[ 63%] [32mBuilding CXX object CMakeFiles/uav_debug.dir/src/uav_debug.cpp.o[0m
[ 63%] [32mBuilding CXX object tasks/auto_buff/CMakeFiles/auto_buff.dir/buff_type.cpp.o[0m
[ 63%] [32mBuilding CXX object CMakeFiles/handeye_test.dir/tests/handeye_test.cpp.o[0m
[ 64%] [32mBuilding CXX object CMakeFiles/usbcamera_detect_test.dir/tests/usbcamera_detect_test.cpp.o[0m
[ 65%] [32mBuilding CXX object CMakeFiles/detector_video_test.dir/tests/detector_video_test.cpp.o[0m
[ 65%] [32mBuilding CXX object tasks/auto_buff/CMakeFiles/auto_buff.dir/buff_detector.cpp.o[0m
[ 66%] [32m[1mLinking CXX executable handeye_test[0m
[ 67%] [32m[1mLinking CXX executable usbcamera_detect_test[0m
[ 68%] [32m[1mLinking CXX executable detector_video_test[0m
[ 68%] Built target handeye_test
[ 68%] Built target usbcamera_detect_test
[ 68%] Built target detector_video_test
[ 69%] [32m[1mLinking CXX executable uav_debug[0m
[ 69%] Built target uav_debug
[ 70%] [32mBuilding CXX object tasks/auto_buff/CMakeFiles/auto_buff.dir/buff_solver.cpp.o[0m
[ 71%] [32mBuilding CXX object tasks/auto_buff/CMakeFiles/auto_buff.dir/buff_aimer.cpp.o[0m
[ 72%] [32mBuilding CXX object tasks/auto_buff/CMakeFiles/auto_buff.dir/buff_target.cpp.o[0m
[ 73%] [32mBuilding CXX object tasks/auto_buff/CMakeFiles/auto_buff.dir/yolo11_buff.cpp.o[0m
[ 73%] Built target auto_buff
[ 74%] [32mBuilding CXX object CMakeFiles/planner_test_offline.dir/tests/planner_test_offline.cpp.o[0m
[ 75%] [32mBuilding CXX object CMakeFiles/standard.dir/src/standard.cpp.o[0m
[ 76%] [32mBuilding CXX object CMakeFiles/planner_test.dir/tests/planner_test.cpp.o[0m
[ 77%] [32m[1mLinking CXX executable planner_test_offline[0m
[ 77%] Built target planner_test_offline
[ 78%] [32m[1mLinking CXX executable standard[0m
[ 78%] Built target standard
[ 78%] [32m[1mLinking CXX executable planner_test[0m
[ 78%] Built target planner_test
[ 79%] [32mBuilding CXX object CMakeFiles/standard_mpc.dir/src/standard_mpc.cpp.o[0m
[ 80%] [32mBuilding CXX object CMakeFiles/auto_aim_debug_mpc.dir/src/auto_aim_debug_mpc.cpp.o[0m
[ 80%] [32mBuilding CXX object CMakeFiles/mt_standard.dir/src/mt_standard.cpp.o[0m
[ 81%] [32mBuilding CXX object CMakeFiles/gimbal_test.dir/tests/gimbal_test.cpp.o[0m
[ 82%] [32m[1mLinking CXX executable standard_mpc[0m
[ 82%] Built target standard_mpc
[ 83%] [32m[1mLinking CXX executable auto_aim_debug_mpc[0m
[ 83%] Built target auto_aim_debug_mpc
[ 84%] [32m[1mLinking CXX executable gimbal_test[0m
[ 85%] [32m[1mLinking CXX executable mt_standard[0m
[ 85%] Built target gimbal_test
[ 85%] Built target mt_standard
[ 86%] [32mBuilding CXX object CMakeFiles/auto_buff_debug_mpc.dir/src/auto_buff_debug_mpc.cpp.o[0m
[ 86%] [32m[1mLinking CXX executable auto_buff_debug_mpc[0m
[ 86%] Built target auto_buff_debug_mpc
[ 86%] [32mBuilding CXX object CMakeFiles/uav.dir/src/uav.cpp.o[0m
[ 87%] [32m[1mLinking CXX executable uav[0m
[ 87%] Built target uav
[ 88%] [32mBuilding CXX object CMakeFiles/auto_buff_test.dir/tests/auto_buff_test.cpp.o[0m
[ 89%] [32m[1mLinking CXX executable auto_buff_test[0m
[ 89%] Built target auto_buff_test
[ 91%] [32mBuilding CXX object CMakeFiles/mt_auto_aim_debug.dir/src/mt_auto_aim_debug.cpp.o[0m
[ 91%] [32mBuilding CXX object CMakeFiles/auto_buff_debug.dir/src/auto_buff_debug.cpp.o[0m
[ 92%] [32m[1mLinking CXX executable auto_buff_debug[0m
[ 93%] [32m[1mLinking CXX executable mt_auto_aim_debug[0m
[ 93%] Built target auto_buff_debug
[ 93%] Built target mt_auto_aim_debug
[ 94%] [32mBuilding CXX object CMakeFiles/minimum_vision_system.dir/tests/minimum_vision_system.cpp.o[0m
[ 95%] [32m[1mLinking CXX executable minimum_vision_system[0m
[ 95%] Built target minimum_vision_system
[ 96%] [32mBuilding CXX object CMakeFiles/camera_thread_test.dir/tests/camera_thread_test.cpp.o[0m
[ 96%] [32m[1mLinking CXX executable camera_thread_test[0m
[ 96%] Built target camera_thread_test
[ 97%] [32mBuilding CXX object CMakeFiles/camera_detect_test.dir/tests/camera_detect_test.cpp.o[0m
[ 98%] [32m[1mLinking CXX executable camera_detect_test[0m
[ 98%] Built target camera_detect_test
[ 99%] [32mBuilding CXX object CMakeFiles/auto_aim_test.dir/tests/auto_aim_test.cpp.o[0m
[100%] [32m[1mLinking CXX executable auto_aim_test[0m
[100%] Built target auto_aim_test
