[0.247s] DEBUG:colcon:Command line arguments: ['/usr/bin/colcon', 'build', '--symlink-install']
[0.247s] DEBUG:colcon:Parsed command line arguments: Namespace(log_base=None, log_level=None, verb_name='build', build_base='build', install_base='install', merge_install=False, symlink_install=True, test_result_base=None, continue_on_error=False, executor='parallel', parallel_workers=4, event_handlers=None, ignore_user_meta=False, metas=['./colcon.meta'], base_paths=['.'], packages_ignore=None, packages_ignore_regex=None, paths=None, packages_up_to=None, packages_up_to_regex=None, packages_above=None, packages_above_and_dependencies=None, packages_above_depth=None, packages_select_by_dep=None, packages_skip_by_dep=None, packages_skip_up_to=None, packages_select_build_failed=False, packages_skip_build_finished=False, packages_select_test_failures=False, packages_skip_test_passed=False, packages_select=None, packages_skip=None, packages_select_regex=None, packages_skip_regex=None, packages_start=None, packages_end=None, allow_overriding=[], cmake_args=None, cmake_target=None, cmake_target_skip_unavailable=False, cmake_clean_cache=False, cmake_clean_first=False, cmake_force_configure=False, ament_cmake_args=None, catkin_cmake_args=None, catkin_skip_building_tests=False, verb_parser=<colcon_defaults.argument_parser.defaults.DefaultArgumentsDecorator object at 0x7187501fcee0>, verb_extension=<colcon_core.verb.build.BuildVerb object at 0x7187501fc0a0>, main=<bound method BuildVerb.main of <colcon_core.verb.build.BuildVerb object at 0x7187501fc0a0>>)
[0.891s] Level 1:colcon.colcon_core.package_discovery:discover_packages(colcon_meta) check parameters
[0.892s] Level 1:colcon.colcon_core.package_discovery:discover_packages(recursive) check parameters
[0.892s] Level 1:colcon.colcon_core.package_discovery:discover_packages(ignore) check parameters
[0.892s] Level 1:colcon.colcon_core.package_discovery:discover_packages(path) check parameters
[0.892s] Level 1:colcon.colcon_core.package_discovery:discover_packages(colcon_meta) discover
[0.892s] Level 1:colcon.colcon_core.package_discovery:discover_packages(recursive) discover
[0.892s] INFO:colcon.colcon_core.package_discovery:Crawling recursively for packages in '/home/adam/tongji/sp_vision_25'
[0.892s] Level 1:colcon.colcon_core.package_identification:_identify(.) by extensions ['ignore', 'ignore_ament_install']
[0.892s] Level 1:colcon.colcon_core.package_identification:_identify(.) by extension 'ignore'
[0.892s] Level 1:colcon.colcon_core.package_identification:_identify(.) by extension 'ignore_ament_install'
[0.892s] Level 1:colcon.colcon_core.package_identification:_identify(.) by extensions ['colcon_pkg']
[0.892s] Level 1:colcon.colcon_core.package_identification:_identify(.) by extension 'colcon_pkg'
[0.892s] Level 1:colcon.colcon_core.package_identification:_identify(.) by extensions ['colcon_meta']
[0.892s] Level 1:colcon.colcon_core.package_identification:_identify(.) by extension 'colcon_meta'
[0.892s] Level 1:colcon.colcon_core.package_identification:_identify(.) by extensions ['ros']
[0.892s] Level 1:colcon.colcon_core.package_identification:_identify(.) by extension 'ros'
[0.925s] Level 1:colcon.colcon_core.package_identification:_identify(.) by extensions ['cmake', 'python']
[0.925s] Level 1:colcon.colcon_core.package_identification:_identify(.) by extension 'cmake'
[0.928s] Level 1:colcon.colcon_core.package_identification:_identify(.) by extension 'python'
[0.928s] DEBUG:colcon.colcon_core.package_identification:Package '.' with type 'cmake' and name 'sp_vision'
[0.928s] Level 1:colcon.colcon_core.package_discovery:discover_packages(recursive) using defaults
[0.928s] Level 1:colcon.colcon_core.package_discovery:discover_packages(ignore) discover
[0.928s] Level 1:colcon.colcon_core.package_discovery:discover_packages(ignore) using defaults
[0.928s] Level 1:colcon.colcon_core.package_discovery:discover_packages(path) discover
[0.928s] Level 1:colcon.colcon_core.package_discovery:discover_packages(path) using defaults
[0.995s] Level 1:colcon.colcon_core.package_discovery:discover_packages(prefix_path) check parameters
[0.995s] Level 1:colcon.colcon_core.package_discovery:discover_packages(prefix_path) discover
[0.997s] DEBUG:colcon.colcon_installed_package_information.package_discovery:Found 0 installed packages in /home/adam/tongji/sp_vision_25/install
[0.998s] DEBUG:colcon.colcon_installed_package_information.package_discovery:Found 356 installed packages in /opt/ros/humble
[1.000s] Level 1:colcon.colcon_core.package_discovery:discover_packages(prefix_path) using defaults
[1.043s] Level 5:colcon.colcon_core.verb:set package 'sp_vision' build argument 'cmake_args' from command line to 'None'
[1.043s] Level 5:colcon.colcon_core.verb:set package 'sp_vision' build argument 'cmake_target' from command line to 'None'
[1.043s] Level 5:colcon.colcon_core.verb:set package 'sp_vision' build argument 'cmake_target_skip_unavailable' from command line to 'False'
[1.043s] Level 5:colcon.colcon_core.verb:set package 'sp_vision' build argument 'cmake_clean_cache' from command line to 'False'
[1.043s] Level 5:colcon.colcon_core.verb:set package 'sp_vision' build argument 'cmake_clean_first' from command line to 'False'
[1.043s] Level 5:colcon.colcon_core.verb:set package 'sp_vision' build argument 'cmake_force_configure' from command line to 'False'
[1.044s] Level 5:colcon.colcon_core.verb:set package 'sp_vision' build argument 'ament_cmake_args' from command line to 'None'
[1.044s] Level 5:colcon.colcon_core.verb:set package 'sp_vision' build argument 'catkin_cmake_args' from command line to 'None'
[1.044s] Level 5:colcon.colcon_core.verb:set package 'sp_vision' build argument 'catkin_skip_building_tests' from command line to 'False'
[1.044s] DEBUG:colcon.colcon_core.verb:Building package 'sp_vision' with the following arguments: {'ament_cmake_args': None, 'build_base': '/home/adam/tongji/sp_vision_25/build/sp_vision', 'catkin_cmake_args': None, 'catkin_skip_building_tests': False, 'cmake_args': None, 'cmake_clean_cache': False, 'cmake_clean_first': False, 'cmake_force_configure': False, 'cmake_target': None, 'cmake_target_skip_unavailable': False, 'install_base': '/home/adam/tongji/sp_vision_25/install/sp_vision', 'merge_install': False, 'path': '/home/adam/tongji/sp_vision_25', 'symlink_install': True, 'test_result_base': None}
[1.044s] INFO:colcon.colcon_core.executor:Executing jobs using 'parallel' executor
[1.045s] DEBUG:colcon.colcon_parallel_executor.executor.parallel:run_until_complete
[1.045s] INFO:colcon.colcon_cmake.task.cmake.build:Building CMake package in '/home/adam/tongji/sp_vision_25'
[1.049s] INFO:colcon.colcon_core.plugin_system:Skipping extension 'colcon_core.shell.bat': Not used on non-Windows systems
[1.049s] INFO:colcon.colcon_core.shell:Skip shell extension 'powershell' for command environment: Not usable outside of PowerShell
[1.050s] DEBUG:colcon.colcon_core.shell:Skip shell extension 'dsv' for command environment
[1.057s] DEBUG:colcon.colcon_core.event_handler.log_command:Invoking command in '/home/adam/tongji/sp_vision_25/build/sp_vision': /usr/bin/cmake /home/adam/tongji/sp_vision_25 -DCMAKE_INSTALL_PREFIX=/home/adam/tongji/sp_vision_25/install/sp_vision
[5.631s] DEBUG:colcon.colcon_core.event_handler.log_command:Invoked command in '/home/adam/tongji/sp_vision_25/build/sp_vision' returned '0': /usr/bin/cmake /home/adam/tongji/sp_vision_25 -DCMAKE_INSTALL_PREFIX=/home/adam/tongji/sp_vision_25/install/sp_vision
[5.734s] DEBUG:colcon.colcon_core.event_handler.log_command:Invoking command in '/home/adam/tongji/sp_vision_25/build/sp_vision': /usr/bin/cmake --build /home/adam/tongji/sp_vision_25/build/sp_vision -- -j4 -l4
[899.060s] WARNING:colcon.colcon_cmake.task.cmake.build:Could not run installation step for package 'sp_vision' because it has no 'install' target
[899.062s] Level 1:colcon.colcon_core.environment:create_environment_scripts_only(sp_vision)
[899.062s] DEBUG:colcon.colcon_core.event_handler.log_command:Invoked command in '/home/adam/tongji/sp_vision_25/build/sp_vision' returned '0': /usr/bin/cmake --build /home/adam/tongji/sp_vision_25/build/sp_vision -- -j4 -l4
[899.068s] Level 1:colcon.colcon_core.environment:checking '/home/adam/tongji/sp_vision_25/install/sp_vision' for CMake module files
[899.069s] Level 1:colcon.colcon_core.environment:checking '/home/adam/tongji/sp_vision_25/install/sp_vision' for CMake config files
[899.069s] Level 1:colcon.colcon_core.environment:checking '/home/adam/tongji/sp_vision_25/install/sp_vision/bin'
[899.069s] Level 1:colcon.colcon_core.environment:checking '/home/adam/tongji/sp_vision_25/install/sp_vision/lib/pkgconfig/sp_vision.pc'
[899.069s] Level 1:colcon.colcon_core.environment:checking '/home/adam/tongji/sp_vision_25/install/sp_vision/lib/python3.10/site-packages'
[899.070s] Level 1:colcon.colcon_core.environment:checking '/home/adam/tongji/sp_vision_25/install/sp_vision/bin'
[899.070s] INFO:colcon.colcon_core.shell:Creating package script '/home/adam/tongji/sp_vision_25/install/sp_vision/share/sp_vision/package.ps1'
[899.071s] INFO:colcon.colcon_core.shell:Creating package descriptor '/home/adam/tongji/sp_vision_25/install/sp_vision/share/sp_vision/package.dsv'
[899.072s] INFO:colcon.colcon_core.shell:Creating package script '/home/adam/tongji/sp_vision_25/install/sp_vision/share/sp_vision/package.sh'
[899.073s] INFO:colcon.colcon_core.shell:Creating package script '/home/adam/tongji/sp_vision_25/install/sp_vision/share/sp_vision/package.bash'
[899.073s] INFO:colcon.colcon_core.shell:Creating package script '/home/adam/tongji/sp_vision_25/install/sp_vision/share/sp_vision/package.zsh'
[899.074s] Level 1:colcon.colcon_core.environment:create_file_with_runtime_dependencies(/home/adam/tongji/sp_vision_25/install/sp_vision/share/colcon-core/packages/sp_vision)
[899.074s] DEBUG:colcon.colcon_parallel_executor.executor.parallel:closing loop
[899.075s] DEBUG:colcon.colcon_parallel_executor.executor.parallel:loop closed
[899.075s] DEBUG:colcon.colcon_parallel_executor.executor.parallel:run_until_complete finished with '0'
[899.075s] DEBUG:colcon.colcon_core.event_reactor:joining thread
[899.113s] INFO:colcon.colcon_core.plugin_system:Skipping extension 'colcon_notification.desktop_notification.terminal_notifier': Not used on non-Darwin systems
[899.113s] INFO:colcon.colcon_core.plugin_system:Skipping extension 'colcon_notification.desktop_notification.win32': Not used on non-Windows systems
[899.114s] INFO:colcon.colcon_notification.desktop_notification:Sending desktop notification using 'notify2'
[899.153s] DEBUG:colcon.colcon_core.event_reactor:joined thread
[899.154s] INFO:colcon.colcon_core.shell:Creating prefix script '/home/adam/tongji/sp_vision_25/install/local_setup.ps1'
[899.155s] INFO:colcon.colcon_core.shell:Creating prefix util module '/home/adam/tongji/sp_vision_25/install/_local_setup_util_ps1.py'
[899.162s] INFO:colcon.colcon_core.shell:Creating prefix chain script '/home/adam/tongji/sp_vision_25/install/setup.ps1'
[899.163s] INFO:colcon.colcon_core.shell:Creating prefix script '/home/adam/tongji/sp_vision_25/install/local_setup.sh'
[899.164s] INFO:colcon.colcon_core.shell:Creating prefix util module '/home/adam/tongji/sp_vision_25/install/_local_setup_util_sh.py'
[899.168s] INFO:colcon.colcon_core.shell:Creating prefix chain script '/home/adam/tongji/sp_vision_25/install/setup.sh'
[899.175s] INFO:colcon.colcon_core.shell:Creating prefix script '/home/adam/tongji/sp_vision_25/install/local_setup.bash'
[899.179s] INFO:colcon.colcon_core.shell:Creating prefix chain script '/home/adam/tongji/sp_vision_25/install/setup.bash'
[899.181s] INFO:colcon.colcon_core.shell:Creating prefix script '/home/adam/tongji/sp_vision_25/install/local_setup.zsh'
[899.182s] INFO:colcon.colcon_core.shell:Creating prefix chain script '/home/adam/tongji/sp_vision_25/install/setup.zsh'
